<?xml version='1.0' encoding='UTF-8' ?>
<testsuite name="com.example.app1.AuthenticationTests" tests="1" failures="0" errors="0" skipped="0" time="20.489" timestamp="2022-08-14T10:17:12" hostname="localhost">
  <properties>
    <property name="device" value="Pixel_4_API_30(AVD) - 11" />
    <property name="flavor" value="" />
    <property name="project" value="app" />
  </properties>
  <testcase name="signInSuccessfully" classname="com.example.app1.AuthenticationTests" time="-1.660472211867E9" />
</testsuite>