<?xml version='1.0' encoding='UTF-8' ?>
<testsuite name="com.example.app1.AuthenticationTest" tests="1" failures="0" errors="0" skipped="0" time="46.213" timestamp="2022-08-10T01:37:45" hostname="localhost">
  <properties>
    <property name="device" value="Pixel_4_API_30(AVD) - 11" />
    <property name="flavor" value="" />
    <property name="project" value="app" />
  </properties>
  <testcase name="signUpAndSignInSuccessfully" classname="com.example.app1.AuthenticationTest" time="44.093" />
</testsuite>